#
# There is insufficient memory for the Java Runtime Environment to continue.
# Native memory allocation (malloc) failed to allocate 32744 bytes for Chunk::new
# Possible reasons:
#   The system is out of physical RAM or swap space
#   The process is running with CompressedOops enabled, and the Java Heap may be blocking the growth of the native heap
# Possible solutions:
#   Reduce memory load on the system
#   Increase physical memory or swap space
#   Check if swap backing store is full
#   Decrease Java heap size (-Xmx/-Xms)
#   Decrease number of Java threads
#   Decrease Java thread stack sizes (-Xss)
#   Set larger code cache with -XX:ReservedCodeCacheSize=
#   JVM is running with Unscaled Compressed Oops mode in which the Java heap is
#     placed in the first 4GB address space. The Java Heap base address is the
#     maximum limit for the native heap growth. Please use -XX:HeapBaseMinAddress
#     to set the Java Heap base and to place the Java Heap above 4GB virtual address.
# This output file may be truncated or incomplete.
#
#  Out of Memory Error (arena.cpp:184), pid=20052, tid=8676
#
# JRE version: Java(TM) SE Runtime Environment (18.0.1.1+2) (build 18.0.1.1+2-6)
# Java VM: Java HotSpot(TM) 64-Bit Server VM (18.0.1.1+2-6, mixed mode, sharing, tiered, compressed oops, compressed class ptrs, g1 gc, windows-amd64)
# No core dump will be written. Minidumps are not enabled by default on client versions of Windows
#

---------------  S U M M A R Y ------------

Command Line: -Dclassworlds.conf=C:\Program Files\NetBeans-14\netbeans\java\maven\bin\m2.conf -Dmaven.home=C:\Program Files\NetBeans-14\netbeans\java\maven -Dlibrary.jansi.path=C:\Program Files\NetBeans-14\netbeans\java\maven\lib\jansi-native -Dmaven.multiModuleProjectDirectory=E:\Projects\Imgt project1(libdbms)\Interfaces\Dtabase\Library Management System\Library Management System org.codehaus.plexus.classworlds.launcher.Launcher -Dexec.vmArgs= -Dexec.args=${exec.vmArgs} -classpath %classpath ${exec.mainClass} ${exec.appArgs} -Dexec.executable=C:\Program Files\Java\jdk-18.0.1.1\bin\java.exe -Dexec.mainClass=Sachi.staff.Payments.Ui.fines_collecting -Dexec.classpathScope=runtime -Dexec.appArgs= -Dmaven.ext.class.path=C:\Program Files\NetBeans-14\netbeans\java\maven-nblib\netbeans-eventspy.jar org.codehaus.mojo:exec-maven-plugin:3.0.0:exec

Host: 11th Gen Intel(R) Core(TM) i5-1135G7 @ 2.40GHz, 8 cores, 7G,  Windows 11 , 64 bit Build 22621 (10.0.22621.3374)
Time: Thu Jul 25 13:34:44 2024 Sri Lanka Standard Time elapsed time: 0.478673 seconds (0d 0h 0m 0s)

---------------  T H R E A D  ---------------

Current thread (0x000001fafeee26d0):  JavaThread "C2 CompilerThread0" daemon [_thread_in_native, id=8676, stack(0x000000f298b00000,0x000000f298c00000)]


Current CompileTask:
C2:    478  177   !   4       java.util.zip.ZipFile$Source::checkAndAddEntry (209 bytes)

Stack: [0x000000f298b00000,0x000000f298c00000]
Native frames: (J=compiled Java code, j=interpreted, Vv=VM code, C=native code)
V  [jvm.dll+0x69887a]
V  [jvm.dll+0x7f38bd]
V  [jvm.dll+0x7f51ce]
V  [jvm.dll+0x7f5883]
V  [jvm.dll+0x25ca3f]
V  [jvm.dll+0xb8c2f]
V  [jvm.dll+0xb8fa5]
V  [jvm.dll+0x6e2305]
V  [jvm.dll+0x1d28b1]
V  [jvm.dll+0x22fd79]
V  [jvm.dll+0x22eff1]
V  [jvm.dll+0x1b9cfc]
V  [jvm.dll+0x23e8ca]
V  [jvm.dll+0x23cbb5]
V  [jvm.dll+0x7a5fb1]
V  [jvm.dll+0x7a03ea]
V  [jvm.dll+0x697725]
C  [ucrtbase.dll+0x29333]
C  [KERNEL32.DLL+0x1257d]
C  [ntdll.dll+0x5aa48]


---------------  P R O C E S S  ---------------

Threads class SMR info:
_java_thread_list=0x000001fa9e991050, length=12, elements={
0x000001faf958e800, 0x000001fafeec8f60, 0x000001fafeec9810, 0x000001fafeede0d0,
0x000001fafeede980, 0x000001fafeee1240, 0x000001fafeee1af0, 0x000001fafeee26d0,
0x000001fafeee2fc0, 0x000001fafeee38b0, 0x000001fa9e9b8aa0, 0x000001fa9e9b9ba0
}

Java Threads: ( => current thread )
  0x000001faf958e800 JavaThread "main" [_thread_in_vm, id=22728, stack(0x000000f297e00000,0x000000f297f00000)]
  0x000001fafeec8f60 JavaThread "Reference Handler" daemon [_thread_blocked, id=14712, stack(0x000000f298500000,0x000000f298600000)]
  0x000001fafeec9810 JavaThread "Finalizer" daemon [_thread_blocked, id=16216, stack(0x000000f298600000,0x000000f298700000)]
  0x000001fafeede0d0 JavaThread "Signal Dispatcher" daemon [_thread_blocked, id=7848, stack(0x000000f298700000,0x000000f298800000)]
  0x000001fafeede980 JavaThread "Attach Listener" daemon [_thread_blocked, id=7008, stack(0x000000f298800000,0x000000f298900000)]
  0x000001fafeee1240 JavaThread "Service Thread" daemon [_thread_blocked, id=22860, stack(0x000000f298900000,0x000000f298a00000)]
  0x000001fafeee1af0 JavaThread "Monitor Deflation Thread" daemon [_thread_blocked, id=3788, stack(0x000000f298a00000,0x000000f298b00000)]
=>0x000001fafeee26d0 JavaThread "C2 CompilerThread0" daemon [_thread_in_native, id=8676, stack(0x000000f298b00000,0x000000f298c00000)]
  0x000001fafeee2fc0 JavaThread "C1 CompilerThread0" daemon [_thread_in_vm, id=23044, stack(0x000000f298c00000,0x000000f298d00000)]
  0x000001fafeee38b0 JavaThread "Sweeper thread" daemon [_thread_blocked, id=1016, stack(0x000000f298d00000,0x000000f298e00000)]
  0x000001fa9e9b8aa0 JavaThread "Notification Thread" daemon [_thread_blocked, id=15356, stack(0x000000f298e00000,0x000000f298f00000)]
  0x000001fa9e9b9ba0 JavaThread "Common-Cleaner" daemon [_thread_blocked, id=5812, stack(0x000000f299000000,0x000000f299100000)]

Other Threads:
  0x000001fafb6af460 VMThread "VM Thread" [stack: 0x000000f298400000,0x000000f298500000] [id=19556]
  0x000001fa9e9b9370 WatcherThread "VM Periodic Task Thread" [stack: 0x000000f298f00000,0x000000f299000000] [id=15892]
  0x000001fafb6891b0 WorkerThread "GC Thread#0" [stack: 0x000000f297f00000,0x000000f298000000] [id=9980]
  0x000001fafb69a880 ConcurrentGCThread "G1 Main Marker" [stack: 0x000000f298000000,0x000000f298100000] [id=16312]
  0x000001fafb69b180 WorkerThread "G1 Conc#0" [stack: 0x000000f298100000,0x000000f298200000] [id=1844]
  0x000001fafed81500 ConcurrentGCThread "G1 Refine#0" [stack: 0x000000f298200000,0x000000f298300000] [id=12764]
  0x000001fafed81d20 ConcurrentGCThread "G1 Service" [stack: 0x000000f298300000,0x000000f298400000] [id=19984]

Threads with active compile tasks:
C2 CompilerThread0      500  177   !   4       java.util.zip.ZipFile$Source::checkAndAddEntry (209 bytes)
C1 CompilerThread0      501  204       3       java.lang.String::<init> (830 bytes)

VM state: not at safepoint (normal execution)

VM Mutex/Monitor currently owned by a thread:  ([mutex/lock_event])
[0x000001faf9589a40] Metaspace_lock - owner thread: 0x000001fafeee2fc0
[0x000001faf958a6e0] MethodData_lock - owner thread: 0x000001fafeee2fc0

Heap address: 0x0000000083c00000, size: 1988 MB, Compressed Oops mode: 32-bit

CDS archive(s) mapped at: [0x0000000800000000-0x0000000800ba0000-0x0000000800ba0000), size 12189696, SharedBaseAddress: 0x0000000800000000, ArchiveRelocationMode: 0.
Compressed class space mapped at: 0x0000000800c00000-0x0000000840c00000, reserved size: 1073741824
Narrow klass base: 0x0000000800000000, Narrow klass shift: 0, Narrow klass range: 0x100000000

GC Precious Log:
 CardTable entry size: 512
 Card Set container configuration: InlinePtr #cards 5 size 8 Array Of Cards #cards 12 size 40 Howl #buckets 4 coarsen threshold 1843 Howl Bitmap #cards 512 size 80 coarsen threshold 460 Card regions per heap region 1 cards per card region 2048
 CPUs: 8 total, 8 available
 Memory: 7948M
 Large Page Support: Disabled
 NUMA Support: Disabled
 Compressed Oops: Enabled (32-bit)
 Heap Region Size: 1M
 Heap Min Capacity: 8M
 Heap Initial Capacity: 126M
 Heap Max Capacity: 1988M
 Pre-touch: Disabled
 Parallel Workers: 8
 Concurrent Workers: 2
 Concurrent Refinement Workers: 8
 Periodic GC: Disabled

Heap:
 garbage-first heap   total 129024K, used 2048K [0x0000000083c00000, 0x0000000100000000)
  region size 1024K, 3 young (3072K), 0 survivors (0K)
 Metaspace       used 542K, committed 640K, reserved 1114112K
  class space    used 37K, committed 128K, reserved 1048576K

Heap Regions: E=young(eden), S=young(survivor), O=old, HS=humongous(starts), HC=humongous(continues), CS=collection set, F=free, OA=open archive, CA=closed archive, TAMS=top-at-mark-start (previous, next)
|   0|0x0000000083c00000, 0x0000000083c00000, 0x0000000083d00000|  0%| F|  |TAMS 0x0000000083c00000, 0x0000000083c00000| Untracked 
|   1|0x0000000083d00000, 0x0000000083d00000, 0x0000000083e00000|  0%| F|  |TAMS 0x0000000083d00000, 0x0000000083d00000| Untracked 
|   2|0x0000000083e00000, 0x0000000083e00000, 0x0000000083f00000|  0%| F|  |TAMS 0x0000000083e00000, 0x0000000083e00000| Untracked 
|   3|0x0000000083f00000, 0x0000000083f00000, 0x0000000084000000|  0%| F|  |TAMS 0x0000000083f00000, 0x0000000083f00000| Untracked 
|   4|0x0000000084000000, 0x0000000084000000, 0x0000000084100000|  0%| F|  |TAMS 0x0000000084000000, 0x0000000084000000| Untracked 
|   5|0x0000000084100000, 0x0000000084100000, 0x0000000084200000|  0%| F|  |TAMS 0x0000000084100000, 0x0000000084100000| Untracked 
|   6|0x0000000084200000, 0x0000000084200000, 0x0000000084300000|  0%| F|  |TAMS 0x0000000084200000, 0x0000000084200000| Untracked 
|   7|0x0000000084300000, 0x0000000084300000, 0x0000000084400000|  0%| F|  |TAMS 0x0000000084300000, 0x0000000084300000| Untracked 
|   8|0x0000000084400000, 0x0000000084400000, 0x0000000084500000|  0%| F|  |TAMS 0x0000000084400000, 0x0000000084400000| Untracked 
|   9|0x0000000084500000, 0x0000000084500000, 0x0000000084600000|  0%| F|  |TAMS 0x0000000084500000, 0x0000000084500000| Untracked 
|  10|0x0000000084600000, 0x0000000084600000, 0x0000000084700000|  0%| F|  |TAMS 0x0000000084600000, 0x0000000084600000| Untracked 
|  11|0x0000000084700000, 0x0000000084700000, 0x0000000084800000|  0%| F|  |TAMS 0x0000000084700000, 0x0000000084700000| Untracked 
|  12|0x0000000084800000, 0x0000000084800000, 0x0000000084900000|  0%| F|  |TAMS 0x0000000084800000, 0x0000000084800000| Untracked 
|  13|0x0000000084900000, 0x0000000084900000, 0x0000000084a00000|  0%| F|  |TAMS 0x0000000084900000, 0x0000000084900000| Untracked 
|  14|0x0000000084a00000, 0x0000000084a00000, 0x0000000084b00000|  0%| F|  |TAMS 0x0000000084a00000, 0x0000000084a00000| Untracked 
|  15|0x0000000084b00000, 0x0000000084b00000, 0x0000000084c00000|  0%| F|  |TAMS 0x0000000084b00000, 0x0000000084b00000| Untracked 
|  16|0x0000000084c00000, 0x0000000084c00000, 0x0000000084d00000|  0%| F|  |TAMS 0x0000000084c00000, 0x0000000084c00000| Untracked 
|  17|0x0000000084d00000, 0x0000000084d00000, 0x0000000084e00000|  0%| F|  |TAMS 0x0000000084d00000, 0x0000000084d00000| Untracked 
|  18|0x0000000084e00000, 0x0000000084e00000, 0x0000000084f00000|  0%| F|  |TAMS 0x0000000084e00000, 0x0000000084e00000| Untracked 
|  19|0x0000000084f00000, 0x0000000084f00000, 0x0000000085000000|  0%| F|  |TAMS 0x0000000084f00000, 0x0000000084f00000| Untracked 
|  20|0x0000000085000000, 0x0000000085000000, 0x0000000085100000|  0%| F|  |TAMS 0x0000000085000000, 0x0000000085000000| Untracked 
|  21|0x0000000085100000, 0x0000000085100000, 0x0000000085200000|  0%| F|  |TAMS 0x0000000085100000, 0x0000000085100000| Untracked 
|  22|0x0000000085200000, 0x0000000085200000, 0x0000000085300000|  0%| F|  |TAMS 0x0000000085200000, 0x0000000085200000| Untracked 
|  23|0x0000000085300000, 0x0000000085300000, 0x0000000085400000|  0%| F|  |TAMS 0x0000000085300000, 0x0000000085300000| Untracked 
|  24|0x0000000085400000, 0x0000000085400000, 0x0000000085500000|  0%| F|  |TAMS 0x0000000085400000, 0x0000000085400000| Untracked 
|  25|0x0000000085500000, 0x0000000085500000, 0x0000000085600000|  0%| F|  |TAMS 0x0000000085500000, 0x0000000085500000| Untracked 
|  26|0x0000000085600000, 0x0000000085600000, 0x0000000085700000|  0%| F|  |TAMS 0x0000000085600000, 0x0000000085600000| Untracked 
|  27|0x0000000085700000, 0x0000000085700000, 0x0000000085800000|  0%| F|  |TAMS 0x0000000085700000, 0x0000000085700000| Untracked 
|  28|0x0000000085800000, 0x0000000085800000, 0x0000000085900000|  0%| F|  |TAMS 0x0000000085800000, 0x0000000085800000| Untracked 
|  29|0x0000000085900000, 0x0000000085900000, 0x0000000085a00000|  0%| F|  |TAMS 0x0000000085900000, 0x0000000085900000| Untracked 
|  30|0x0000000085a00000, 0x0000000085a00000, 0x0000000085b00000|  0%| F|  |TAMS 0x0000000085a00000, 0x0000000085a00000| Untracked 
|  31|0x0000000085b00000, 0x0000000085b00000, 0x0000000085c00000|  0%| F|  |TAMS 0x0000000085b00000, 0x0000000085b00000| Untracked 
|  32|0x0000000085c00000, 0x0000000085c00000, 0x0000000085d00000|  0%| F|  |TAMS 0x0000000085c00000, 0x0000000085c00000| Untracked 
|  33|0x0000000085d00000, 0x0000000085d00000, 0x0000000085e00000|  0%| F|  |TAMS 0x0000000085d00000, 0x0000000085d00000| Untracked 
|  34|0x0000000085e00000, 0x0000000085e00000, 0x0000000085f00000|  0%| F|  |TAMS 0x0000000085e00000, 0x0000000085e00000| Untracked 
|  35|0x0000000085f00000, 0x0000000085f00000, 0x0000000086000000|  0%| F|  |TAMS 0x0000000085f00000, 0x0000000085f00000| Untracked 
|  36|0x0000000086000000, 0x0000000086000000, 0x0000000086100000|  0%| F|  |TAMS 0x0000000086000000, 0x0000000086000000| Untracked 
|  37|0x0000000086100000, 0x0000000086100000, 0x0000000086200000|  0%| F|  |TAMS 0x0000000086100000, 0x0000000086100000| Untracked 
|  38|0x0000000086200000, 0x0000000086200000, 0x0000000086300000|  0%| F|  |TAMS 0x0000000086200000, 0x0000000086200000| Untracked 
|  39|0x0000000086300000, 0x0000000086300000, 0x0000000086400000|  0%| F|  |TAMS 0x0000000086300000, 0x0000000086300000| Untracked 
|  40|0x0000000086400000, 0x0000000086400000, 0x0000000086500000|  0%| F|  |TAMS 0x0000000086400000, 0x0000000086400000| Untracked 
|  41|0x0000000086500000, 0x0000000086500000, 0x0000000086600000|  0%| F|  |TAMS 0x0000000086500000, 0x0000000086500000| Untracked 
|  42|0x0000000086600000, 0x0000000086600000, 0x0000000086700000|  0%| F|  |TAMS 0x0000000086600000, 0x0000000086600000| Untracked 
|  43|0x0000000086700000, 0x0000000086700000, 0x0000000086800000|  0%| F|  |TAMS 0x0000000086700000, 0x0000000086700000| Untracked 
|  44|0x0000000086800000, 0x0000000086800000, 0x0000000086900000|  0%| F|  |TAMS 0x0000000086800000, 0x0000000086800000| Untracked 
|  45|0x0000000086900000, 0x0000000086900000, 0x0000000086a00000|  0%| F|  |TAMS 0x0000000086900000, 0x0000000086900000| Untracked 
|  46|0x0000000086a00000, 0x0000000086a00000, 0x0000000086b00000|  0%| F|  |TAMS 0x0000000086a00000, 0x0000000086a00000| Untracked 
|  47|0x0000000086b00000, 0x0000000086b00000, 0x0000000086c00000|  0%| F|  |TAMS 0x0000000086b00000, 0x0000000086b00000| Untracked 
|  48|0x0000000086c00000, 0x0000000086c00000, 0x0000000086d00000|  0%| F|  |TAMS 0x0000000086c00000, 0x0000000086c00000| Untracked 
|  49|0x0000000086d00000, 0x0000000086d00000, 0x0000000086e00000|  0%| F|  |TAMS 0x0000000086d00000, 0x0000000086d00000| Untracked 
|  50|0x0000000086e00000, 0x0000000086e00000, 0x0000000086f00000|  0%| F|  |TAMS 0x0000000086e00000, 0x0000000086e00000| Untracked 
|  51|0x0000000086f00000, 0x0000000086f00000, 0x0000000087000000|  0%| F|  |TAMS 0x0000000086f00000, 0x0000000086f00000| Untracked 
|  52|0x0000000087000000, 0x0000000087000000, 0x0000000087100000|  0%| F|  |TAMS 0x0000000087000000, 0x0000000087000000| Untracked 
|  53|0x0000000087100000, 0x0000000087100000, 0x0000000087200000|  0%| F|  |TAMS 0x0000000087100000, 0x0000000087100000| Untracked 
|  54|0x0000000087200000, 0x0000000087200000, 0x0000000087300000|  0%| F|  |TAMS 0x0000000087200000, 0x0000000087200000| Untracked 
|  55|0x0000000087300000, 0x0000000087300000, 0x0000000087400000|  0%| F|  |TAMS 0x0000000087300000, 0x0000000087300000| Untracked 
|  56|0x0000000087400000, 0x0000000087400000, 0x0000000087500000|  0%| F|  |TAMS 0x0000000087400000, 0x0000000087400000| Untracked 
|  57|0x0000000087500000, 0x0000000087500000, 0x0000000087600000|  0%| F|  |TAMS 0x0000000087500000, 0x0000000087500000| Untracked 
|  58|0x0000000087600000, 0x0000000087600000, 0x0000000087700000|  0%| F|  |TAMS 0x0000000087600000, 0x0000000087600000| Untracked 
|  59|0x0000000087700000, 0x0000000087700000, 0x0000000087800000|  0%| F|  |TAMS 0x0000000087700000, 0x0000000087700000| Untracked 
|  60|0x0000000087800000, 0x0000000087800000, 0x0000000087900000|  0%| F|  |TAMS 0x0000000087800000, 0x0000000087800000| Untracked 
|  61|0x0000000087900000, 0x0000000087900000, 0x0000000087a00000|  0%| F|  |TAMS 0x0000000087900000, 0x0000000087900000| Untracked 
|  62|0x0000000087a00000, 0x0000000087a00000, 0x0000000087b00000|  0%| F|  |TAMS 0x0000000087a00000, 0x0000000087a00000| Untracked 
|  63|0x0000000087b00000, 0x0000000087b00000, 0x0000000087c00000|  0%| F|  |TAMS 0x0000000087b00000, 0x0000000087b00000| Untracked 
|  64|0x0000000087c00000, 0x0000000087c00000, 0x0000000087d00000|  0%| F|  |TAMS 0x0000000087c00000, 0x0000000087c00000| Untracked 
|  65|0x0000000087d00000, 0x0000000087d00000, 0x0000000087e00000|  0%| F|  |TAMS 0x0000000087d00000, 0x0000000087d00000| Untracked 
|  66|0x0000000087e00000, 0x0000000087e00000, 0x0000000087f00000|  0%| F|  |TAMS 0x0000000087e00000, 0x0000000087e00000| Untracked 
|  67|0x0000000087f00000, 0x0000000087f00000, 0x0000000088000000|  0%| F|  |TAMS 0x0000000087f00000, 0x0000000087f00000| Untracked 
|  68|0x0000000088000000, 0x0000000088000000, 0x0000000088100000|  0%| F|  |TAMS 0x0000000088000000, 0x0000000088000000| Untracked 
|  69|0x0000000088100000, 0x0000000088100000, 0x0000000088200000|  0%| F|  |TAMS 0x0000000088100000, 0x0000000088100000| Untracked 
|  70|0x0000000088200000, 0x0000000088200000, 0x0000000088300000|  0%| F|  |TAMS 0x0000000088200000, 0x0000000088200000| Untracked 
|  71|0x0000000088300000, 0x0000000088300000, 0x0000000088400000|  0%| F|  |TAMS 0x0000000088300000, 0x0000000088300000| Untracked 
|  72|0x0000000088400000, 0x0000000088400000, 0x0000000088500000|  0%| F|  |TAMS 0x0000000088400000, 0x0000000088400000| Untracked 
|  73|0x0000000088500000, 0x0000000088500000, 0x0000000088600000|  0%| F|  |TAMS 0x0000000088500000, 0x0000000088500000| Untracked 
|  74|0x0000000088600000, 0x0000000088600000, 0x0000000088700000|  0%| F|  |TAMS 0x0000000088600000, 0x0000000088600000| Untracked 
|  75|0x0000000088700000, 0x0000000088700000, 0x0000000088800000|  0%| F|  |TAMS 0x0000000088700000, 0x0000000088700000| Untracked 
|  76|0x0000000088800000, 0x0000000088800000, 0x0000000088900000|  0%| F|  |TAMS 0x0000000088800000, 0x0000000088800000| Untracked 
|  77|0x0000000088900000, 0x0000000088900000, 0x0000000088a00000|  0%| F|  |TAMS 0x0000000088900000, 0x0000000088900000| Untracked 
|  78|0x0000000088a00000, 0x0000000088a00000, 0x0000000088b00000|  0%| F|  |TAMS 0x0000000088a00000, 0x0000000088a00000| Untracked 
|  79|0x0000000088b00000, 0x0000000088b00000, 0x0000000088c00000|  0%| F|  |TAMS 0x0000000088b00000, 0x0000000088b00000| Untracked 
|  80|0x0000000088c00000, 0x0000000088c00000, 0x0000000088d00000|  0%| F|  |TAMS 0x0000000088c00000, 0x0000000088c00000| Untracked 
|  81|0x0000000088d00000, 0x0000000088d00000, 0x0000000088e00000|  0%| F|  |TAMS 0x0000000088d00000, 0x0000000088d00000| Untracked 
|  82|0x0000000088e00000, 0x0000000088e00000, 0x0000000088f00000|  0%| F|  |TAMS 0x0000000088e00000, 0x0000000088e00000| Untracked 
|  83|0x0000000088f00000, 0x0000000088f00000, 0x0000000089000000|  0%| F|  |TAMS 0x0000000088f00000, 0x0000000088f00000| Untracked 
|  84|0x0000000089000000, 0x0000000089000000, 0x0000000089100000|  0%| F|  |TAMS 0x0000000089000000, 0x0000000089000000| Untracked 
|  85|0x0000000089100000, 0x0000000089100000, 0x0000000089200000|  0%| F|  |TAMS 0x0000000089100000, 0x0000000089100000| Untracked 
|  86|0x0000000089200000, 0x0000000089200000, 0x0000000089300000|  0%| F|  |TAMS 0x0000000089200000, 0x0000000089200000| Untracked 
|  87|0x0000000089300000, 0x0000000089300000, 0x0000000089400000|  0%| F|  |TAMS 0x0000000089300000, 0x0000000089300000| Untracked 
|  88|0x0000000089400000, 0x0000000089400000, 0x0000000089500000|  0%| F|  |TAMS 0x0000000089400000, 0x0000000089400000| Untracked 
|  89|0x0000000089500000, 0x0000000089500000, 0x0000000089600000|  0%| F|  |TAMS 0x0000000089500000, 0x0000000089500000| Untracked 
|  90|0x0000000089600000, 0x0000000089600000, 0x0000000089700000|  0%| F|  |TAMS 0x0000000089600000, 0x0000000089600000| Untracked 
|  91|0x0000000089700000, 0x0000000089700000, 0x0000000089800000|  0%| F|  |TAMS 0x0000000089700000, 0x0000000089700000| Untracked 
|  92|0x0000000089800000, 0x0000000089800000, 0x0000000089900000|  0%| F|  |TAMS 0x0000000089800000, 0x0000000089800000| Untracked 
|  93|0x0000000089900000, 0x0000000089900000, 0x0000000089a00000|  0%| F|  |TAMS 0x0000000089900000, 0x0000000089900000| Untracked 
|  94|0x0000000089a00000, 0x0000000089a00000, 0x0000000089b00000|  0%| F|  |TAMS 0x0000000089a00000, 0x0000000089a00000| Untracked 
|  95|0x0000000089b00000, 0x0000000089b00000, 0x0000000089c00000|  0%| F|  |TAMS 0x0000000089b00000, 0x0000000089b00000| Untracked 
|  96|0x0000000089c00000, 0x0000000089c00000, 0x0000000089d00000|  0%| F|  |TAMS 0x0000000089c00000, 0x0000000089c00000| Untracked 
|  97|0x0000000089d00000, 0x0000000089d00000, 0x0000000089e00000|  0%| F|  |TAMS 0x0000000089d00000, 0x0000000089d00000| Untracked 
|  98|0x0000000089e00000, 0x0000000089e00000, 0x0000000089f00000|  0%| F|  |TAMS 0x0000000089e00000, 0x0000000089e00000| Untracked 
|  99|0x0000000089f00000, 0x0000000089f00000, 0x000000008a000000|  0%| F|  |TAMS 0x0000000089f00000, 0x0000000089f00000| Untracked 
| 100|0x000000008a000000, 0x000000008a000000, 0x000000008a100000|  0%| F|  |TAMS 0x000000008a000000, 0x000000008a000000| Untracked 
| 101|0x000000008a100000, 0x000000008a100000, 0x000000008a200000|  0%| F|  |TAMS 0x000000008a100000, 0x000000008a100000| Untracked 
| 102|0x000000008a200000, 0x000000008a200000, 0x000000008a300000|  0%| F|  |TAMS 0x000000008a200000, 0x000000008a200000| Untracked 
| 103|0x000000008a300000, 0x000000008a300000, 0x000000008a400000|  0%| F|  |TAMS 0x000000008a300000, 0x000000008a300000| Untracked 
| 104|0x000000008a400000, 0x000000008a400000, 0x000000008a500000|  0%| F|  |TAMS 0x000000008a400000, 0x000000008a400000| Untracked 
| 105|0x000000008a500000, 0x000000008a500000, 0x000000008a600000|  0%| F|  |TAMS 0x000000008a500000, 0x000000008a500000| Untracked 
| 106|0x000000008a600000, 0x000000008a600000, 0x000000008a700000|  0%| F|  |TAMS 0x000000008a600000, 0x000000008a600000| Untracked 
| 107|0x000000008a700000, 0x000000008a700000, 0x000000008a800000|  0%| F|  |TAMS 0x000000008a700000, 0x000000008a700000| Untracked 
| 108|0x000000008a800000, 0x000000008a800000, 0x000000008a900000|  0%| F|  |TAMS 0x000000008a800000, 0x000000008a800000| Untracked 
| 109|0x000000008a900000, 0x000000008a900000, 0x000000008aa00000|  0%| F|  |TAMS 0x000000008a900000, 0x000000008a900000| Untracked 
| 110|0x000000008aa00000, 0x000000008aa00000, 0x000000008ab00000|  0%| F|  |TAMS 0x000000008aa00000, 0x000000008aa00000| Untracked 
| 111|0x000000008ab00000, 0x000000008ab00000, 0x000000008ac00000|  0%| F|  |TAMS 0x000000008ab00000, 0x000000008ab00000| Untracked 
| 112|0x000000008ac00000, 0x000000008ac00000, 0x000000008ad00000|  0%| F|  |TAMS 0x000000008ac00000, 0x000000008ac00000| Untracked 
| 113|0x000000008ad00000, 0x000000008ad00000, 0x000000008ae00000|  0%| F|  |TAMS 0x000000008ad00000, 0x000000008ad00000| Untracked 
| 114|0x000000008ae00000, 0x000000008ae00000, 0x000000008af00000|  0%| F|  |TAMS 0x000000008ae00000, 0x000000008ae00000| Untracked 
| 115|0x000000008af00000, 0x000000008af00000, 0x000000008b000000|  0%| F|  |TAMS 0x000000008af00000, 0x000000008af00000| Untracked 
| 116|0x000000008b000000, 0x000000008b000000, 0x000000008b100000|  0%| F|  |TAMS 0x000000008b000000, 0x000000008b000000| Untracked 
| 117|0x000000008b100000, 0x000000008b100000, 0x000000008b200000|  0%| F|  |TAMS 0x000000008b100000, 0x000000008b100000| Untracked 
| 118|0x000000008b200000, 0x000000008b200000, 0x000000008b300000|  0%| F|  |TAMS 0x000000008b200000, 0x000000008b200000| Untracked 
| 119|0x000000008b300000, 0x000000008b300000, 0x000000008b400000|  0%| F|  |TAMS 0x000000008b300000, 0x000000008b300000| Untracked 
| 120|0x000000008b400000, 0x000000008b400000, 0x000000008b500000|  0%| F|  |TAMS 0x000000008b400000, 0x000000008b400000| Untracked 
| 121|0x000000008b500000, 0x000000008b500000, 0x000000008b600000|  0%| F|  |TAMS 0x000000008b500000, 0x000000008b500000| Untracked 
| 122|0x000000008b600000, 0x000000008b600000, 0x000000008b700000|  0%| F|  |TAMS 0x000000008b600000, 0x000000008b600000| Untracked 
| 123|0x000000008b700000, 0x000000008b800000, 0x000000008b800000|100%| E|  |TAMS 0x000000008b700000, 0x000000008b700000| Complete 
| 124|0x000000008b800000, 0x000000008b900000, 0x000000008b900000|100%| E|CS|TAMS 0x000000008b800000, 0x000000008b800000| Complete 
| 125|0x000000008b900000, 0x000000008ba00000, 0x000000008ba00000|100%| E|CS|TAMS 0x000000008b900000, 0x000000008b900000| Complete 

Card table byte_map: [0x000001fafbe00000,0x000001fafc1f0000] _byte_map_base: 0x000001fafb9e2000

Marking Bits (Prev, Next): (CMBitMap*) 0x000001fafb6896c0, (CMBitMap*) 0x000001fafb689700
 Prev Bits: [0x000001fafc5e0000, 0x000001fafe4f0000)
 Next Bits: [0x000001fa96870000, 0x000001fa98780000)

Polling page: 0x000001fafade0000

Metaspace:

Usage:
  Non-class:    504.41 KB used.
      Class:     37.69 KB used.
       Both:    542.10 KB used.

Virtual space:
  Non-class space:       64.00 MB reserved,     512.00 KB ( <1%) committed,  1 nodes.
      Class space:        1.00 GB reserved,     128.00 KB ( <1%) committed,  1 nodes.
             Both:        1.06 GB reserved,     640.00 KB ( <1%) committed. 

Chunk freelists:
   Non-Class:  3.88 MB
       Class:  3.73 MB
        Both:  7.60 MB

MaxMetaspaceSize: unlimited
CompressedClassSpaceSize: 1.00 GB
Initial GC threshold: 21.00 MB
Current GC threshold: 21.00 MB
CDS: on
MetaspaceReclaimPolicy: balanced
 - commit_granule_bytes: 65536.
 - commit_granule_words: 8192.
 - virtual_space_node_default_size: 8388608.
 - enlarge_chunks_in_place: 1.
 - new_chunks_are_fully_committed: 0.
 - uncommit_free_chunks: 1.
 - use_allocation_guard: 0.


Internal statistics:

num_allocs_failed_limit: 0.
num_arena_births: 6.
num_arena_deaths: 0.
num_vsnodes_births: 2.
num_vsnodes_deaths: 0.
num_space_committed: 10.
num_space_uncommitted: 0.
num_chunks_returned_to_freelist: 0.
num_chunks_taken_from_freelist: 18.
num_chunk_merges: 0.
num_chunk_splits: 9.
num_chunks_enlarged: 8.
num_inconsistent_stats: 0.

CodeHeap 'non-profiled nmethods': size=120000Kb used=48Kb max_used=48Kb free=119951Kb
 bounds [0x000001fa8f340000, 0x000001fa8f5b0000, 0x000001fa96870000]
CodeHeap 'profiled nmethods': size=120000Kb used=266Kb max_used=266Kb free=119733Kb
 bounds [0x000001fa87e10000, 0x000001fa88080000, 0x000001fa8f340000]
CodeHeap 'non-nmethods': size=5760Kb used=1085Kb max_used=1100Kb free=4674Kb
 bounds [0x000001fa87870000, 0x000001fa87ae0000, 0x000001fa87e10000]
 total_blobs=529 nmethods=201 adapters=241
 compilation: enabled
              stopped_count=0, restarted_count=0
 full_count=0

Compilation events (20 events):
Event: 0.101 Thread 0x000001fafeee2fc0  193       3       java.util.zip.ZipFile$Source::getEntryNext (9 bytes)
Event: 0.101 Thread 0x000001fafeee2fc0 nmethod 193 0x000001fa87e4d790 code [0x000001fa87e4d920, 0x000001fa87e4da58]
Event: 0.101 Thread 0x000001fafeee2fc0  194       3       java.util.jar.Manifest$FastInputStream::peek (38 bytes)
Event: 0.102 Thread 0x000001fafeee2fc0 nmethod 194 0x000001fa87e4db10 code [0x000001fa87e4dcc0, 0x000001fa87e4dee8]
Event: 0.102 Thread 0x000001fafeee2fc0  195       3       java.util.ImmutableCollections$MapN::get (35 bytes)
Event: 0.102 Thread 0x000001fafeee2fc0 nmethod 195 0x000001fa87e4e010 code [0x000001fa87e4e1e0, 0x000001fa87e4e598]
Event: 0.102 Thread 0x000001fafeee2fc0  197       3       jdk.internal.misc.Unsafe::allocateUninitializedArray (55 bytes)
Event: 0.102 Thread 0x000001fafeee2fc0 nmethod 197 0x000001fa87e4e710 code [0x000001fa87e4e900, 0x000001fa87e4ed78]
Event: 0.102 Thread 0x000001fafeee2fc0  196       3       java.io.RandomAccessFile::seek (22 bytes)
Event: 0.102 Thread 0x000001fafeee2fc0 nmethod 196 0x000001fa87e4ef10 code [0x000001fa87e4f0c0, 0x000001fa87e4f318]
Event: 0.102 Thread 0x000001fafeee2fc0  198   !   3       jdk.internal.loader.URLClassPath$JarLoader::ensureOpen (36 bytes)
Event: 0.102 Thread 0x000001fafeee2fc0 nmethod 198 0x000001fa87e4f410 code [0x000001fa87e4f5e0, 0x000001fa87e4fa18]
Event: 0.102 Thread 0x000001fafeee2fc0  199   !   3       java.util.jar.JarFile::checkForSpecialAttributes (163 bytes)
Event: 0.103 Thread 0x000001fafeee2fc0 nmethod 199 0x000001fa87e4fb90 code [0x000001fa87e4fea0, 0x000001fa87e510a8]
Event: 0.103 Thread 0x000001fafeee2fc0  201       3       java.io.WinNTFileSystem::isLetter (30 bytes)
Event: 0.103 Thread 0x000001fafeee2fc0 nmethod 201 0x000001fa87e51890 code [0x000001fa87e51a20, 0x000001fa87e51c38]
Event: 0.103 Thread 0x000001fafeee2fc0  202       3       java.lang.ref.Reference::<init> (25 bytes)
Event: 0.103 Thread 0x000001fafeee2fc0 nmethod 202 0x000001fa87e51d10 code [0x000001fa87e51ec0, 0x000001fa87e52138]
Event: 0.103 Thread 0x000001fafeee2fc0  203       3       java.io.RandomAccessFile::readFully (45 bytes)
Event: 0.103 Thread 0x000001fafeee2fc0 nmethod 203 0x000001fa87e52210 code [0x000001fa87e523e0, 0x000001fa87e52758]

GC Heap History (0 events):
No events

Deoptimization events (0 events):
No events

Classes loaded (20 events):
Event: 0.074 Loading class jdk/internal/loader/URLClassPath$FileLoader
Event: 0.074 Loading class jdk/internal/loader/URLClassPath$FileLoader done
Event: 0.082 Loading class sun/net/www/protocol/file/FileURLConnection
Event: 0.082 Loading class sun/net/www/URLConnection
Event: 0.082 Loading class java/net/URLConnection
Event: 0.083 Loading class java/net/URLConnection done
Event: 0.083 Loading class sun/net/www/URLConnection done
Event: 0.083 Loading class sun/net/www/protocol/file/FileURLConnection done
Event: 0.083 Loading class sun/net/www/MessageHeader
Event: 0.083 Loading class sun/net/www/MessageHeader done
Event: 0.083 Loading class java/io/FilePermission$1
Event: 0.083 Loading class jdk/internal/access/JavaIOFilePermissionAccess
Event: 0.083 Loading class jdk/internal/access/JavaIOFilePermissionAccess done
Event: 0.083 Loading class java/io/FilePermission$1 done
Event: 0.086 Loading class java/io/FilePermissionCollection
Event: 0.086 Loading class java/io/FilePermissionCollection done
Event: 0.086 Loading class java/util/Vector
Event: 0.086 Loading class java/util/Vector done
Event: 0.086 Loading class java/io/FilePermissionCollection$1
Event: 0.086 Loading class java/io/FilePermissionCollection$1 done

Classes unloaded (0 events):
No events

Classes redefined (0 events):
No events

Internal exceptions (0 events):
No events

VM Operations (2 events):
Event: 0.060 Executing VM operation: HandshakeAllThreads
Event: 0.060 Executing VM operation: HandshakeAllThreads done

Events (17 events):
Event: 0.006 Loaded shared library C:\Program Files\Java\jdk-18.0.1.1\bin\java.dll
Event: 0.015 Loaded shared library C:\Program Files\Java\jdk-18.0.1.1\bin\jsvml.dll
Event: 0.015 Thread 0x000001faf958e800 Thread added: 0x000001faf958e800
Event: 0.018 Thread 0x000001fafeec8f60 Thread added: 0x000001fafeec8f60
Event: 0.018 Thread 0x000001fafeec9810 Thread added: 0x000001fafeec9810
Event: 0.031 Thread 0x000001fafeede0d0 Thread added: 0x000001fafeede0d0
Event: 0.031 Thread 0x000001fafeede980 Thread added: 0x000001fafeede980
Event: 0.032 Thread 0x000001fafeee1240 Thread added: 0x000001fafeee1240
Event: 0.032 Thread 0x000001fafeee1af0 Thread added: 0x000001fafeee1af0
Event: 0.032 Thread 0x000001fafeee26d0 Thread added: 0x000001fafeee26d0
Event: 0.032 Thread 0x000001fafeee2fc0 Thread added: 0x000001fafeee2fc0
Event: 0.033 Thread 0x000001fafeee38b0 Thread added: 0x000001fafeee38b0
Event: 0.046 Thread 0x000001fa9e9b8aa0 Thread added: 0x000001fa9e9b8aa0
Event: 0.051 Thread 0x000001fa9e9b9ba0 Thread added: 0x000001fa9e9b9ba0
Event: 0.056 Loaded shared library C:\Program Files\Java\jdk-18.0.1.1\bin\net.dll
Event: 0.057 Loaded shared library C:\Program Files\Java\jdk-18.0.1.1\bin\nio.dll
Event: 0.059 Loaded shared library C:\Program Files\Java\jdk-18.0.1.1\bin\zip.dll


Dynamic libraries:
0x00007ff6cef90000 - 0x00007ff6cefa0000 	C:\Program Files\Java\jdk-18.0.1.1\bin\java.exe
0x00007ffe29410000 - 0x00007ffe29626000 	C:\WINDOWS\SYSTEM32\ntdll.dll
0x00007ffe28320000 - 0x00007ffe283e4000 	C:\WINDOWS\System32\KERNEL32.DLL
0x00007ffe26c20000 - 0x00007ffe26fc7000 	C:\WINDOWS\System32\KERNELBASE.dll
0x00007ffe26840000 - 0x00007ffe26951000 	C:\WINDOWS\System32\ucrtbase.dll
0x00007ffe07500000 - 0x00007ffe07518000 	C:\Program Files\Java\jdk-18.0.1.1\bin\jli.dll
0x00007ffe23300000 - 0x00007ffe2331a000 	C:\Program Files\Java\jdk-18.0.1.1\bin\VCRUNTIME140.dll
0x00007ffe284b0000 - 0x00007ffe28562000 	C:\WINDOWS\System32\ADVAPI32.dll
0x00007ffe28400000 - 0x00007ffe284a7000 	C:\WINDOWS\System32\msvcrt.dll
0x00007ffe28250000 - 0x00007ffe282f8000 	C:\WINDOWS\System32\sechost.dll
0x00007ffe26990000 - 0x00007ffe269b8000 	C:\WINDOWS\System32\bcrypt.dll
0x00007ffe28fe0000 - 0x00007ffe290f5000 	C:\WINDOWS\System32\RPCRT4.dll
0x00007ffe29110000 - 0x00007ffe292be000 	C:\WINDOWS\System32\USER32.dll
0x00007ffe26960000 - 0x00007ffe26986000 	C:\WINDOWS\System32\win32u.dll
0x00007ffe0b640000 - 0x00007ffe0b8d3000 	C:\WINDOWS\WinSxS\amd64_microsoft.windows.common-controls_6595b64144ccf1df_6.0.22621.3235_none_270f74e173860f98\COMCTL32.dll
0x00007ffe288c0000 - 0x00007ffe288e9000 	C:\WINDOWS\System32\GDI32.dll
0x00007ffe269c0000 - 0x00007ffe26ad9000 	C:\WINDOWS\System32\gdi32full.dll
0x00007ffe267a0000 - 0x00007ffe2683a000 	C:\WINDOWS\System32\msvcp_win.dll
0x00007ffe1e180000 - 0x00007ffe1e18a000 	C:\WINDOWS\SYSTEM32\VERSION.dll
0x00007ffe29330000 - 0x00007ffe29361000 	C:\WINDOWS\System32\IMM32.DLL
0x00007ffe23330000 - 0x00007ffe2333c000 	C:\Program Files\Java\jdk-18.0.1.1\bin\vcruntime140_1.dll
0x00007ffe0f1f0000 - 0x00007ffe0f27d000 	C:\Program Files\Java\jdk-18.0.1.1\bin\msvcp140.dll
0x00007ffdda970000 - 0x00007ffddb580000 	C:\Program Files\Java\jdk-18.0.1.1\bin\server\jvm.dll
0x00007ffe29320000 - 0x00007ffe29328000 	C:\WINDOWS\System32\PSAPI.DLL
0x00007ffe23340000 - 0x00007ffe23349000 	C:\WINDOWS\SYSTEM32\WSOCK32.dll
0x00007ffe1ea10000 - 0x00007ffe1ea44000 	C:\WINDOWS\SYSTEM32\WINMM.dll
0x00007ffe28e00000 - 0x00007ffe28e71000 	C:\WINDOWS\System32\WS2_32.dll
0x00007ffe25770000 - 0x00007ffe25788000 	C:\WINDOWS\SYSTEM32\kernel.appcore.dll
0x00007ffe23270000 - 0x00007ffe2327a000 	C:\Program Files\Java\jdk-18.0.1.1\bin\jimage.dll
0x00007ffe23fc0000 - 0x00007ffe241f3000 	C:\WINDOWS\SYSTEM32\DBGHELP.DLL
0x00007ffe27b20000 - 0x00007ffe27ea8000 	C:\WINDOWS\System32\combase.dll
0x00007ffe28670000 - 0x00007ffe28747000 	C:\WINDOWS\System32\OLEAUT32.dll
0x00007ffe02ea0000 - 0x00007ffe02ed2000 	C:\WINDOWS\SYSTEM32\dbgcore.DLL
0x00007ffe26ba0000 - 0x00007ffe26c19000 	C:\WINDOWS\System32\bcryptPrimitives.dll
0x00007ffe20e20000 - 0x00007ffe20e45000 	C:\Program Files\Java\jdk-18.0.1.1\bin\java.dll
0x00007ffe09c40000 - 0x00007ffe09d16000 	C:\Program Files\Java\jdk-18.0.1.1\bin\jsvml.dll
0x00007ffe27270000 - 0x00007ffe27acc000 	C:\WINDOWS\System32\SHELL32.dll
0x00007ffe24690000 - 0x00007ffe24f89000 	C:\WINDOWS\SYSTEM32\windows.storage.dll
0x00007ffe24550000 - 0x00007ffe2468e000 	C:\WINDOWS\SYSTEM32\wintypes.dll
0x00007ffe28570000 - 0x00007ffe28663000 	C:\WINDOWS\System32\SHCORE.dll
0x00007ffe292c0000 - 0x00007ffe2931e000 	C:\WINDOWS\System32\shlwapi.dll
0x00007ffe26660000 - 0x00007ffe26681000 	C:\WINDOWS\SYSTEM32\profapi.dll
0x00007ffe1eba0000 - 0x00007ffe1ebb3000 	C:\Program Files\Java\jdk-18.0.1.1\bin\net.dll
0x00007ffe20970000 - 0x00007ffe20aa6000 	C:\WINDOWS\SYSTEM32\WINHTTP.dll
0x00007ffe25be0000 - 0x00007ffe25c49000 	C:\WINDOWS\system32\mswsock.dll
0x00007ffe1eb00000 - 0x00007ffe1eb16000 	C:\Program Files\Java\jdk-18.0.1.1\bin\nio.dll
0x00007ffe1e230000 - 0x00007ffe1e248000 	C:\Program Files\Java\jdk-18.0.1.1\bin\zip.dll

dbghelp: loaded successfully - version: 4.0.5 - missing functions: none
symbol engine: initialized successfully - sym options: 0x614 - pdb path: .;C:\Program Files\Java\jdk-18.0.1.1\bin;C:\WINDOWS\SYSTEM32;C:\WINDOWS\WinSxS\amd64_microsoft.windows.common-controls_6595b64144ccf1df_6.0.22621.3235_none_270f74e173860f98;C:\Program Files\Java\jdk-18.0.1.1\bin\server

VM Arguments:
jvm_args: -Dclassworlds.conf=C:\Program Files\NetBeans-14\netbeans\java\maven\bin\m2.conf -Dmaven.home=C:\Program Files\NetBeans-14\netbeans\java\maven -Dlibrary.jansi.path=C:\Program Files\NetBeans-14\netbeans\java\maven\lib\jansi-native -Dmaven.multiModuleProjectDirectory=E:\Projects\Imgt project1(libdbms)\Interfaces\Dtabase\Library Management System\Library Management System 
java_command: org.codehaus.plexus.classworlds.launcher.Launcher -Dexec.vmArgs= -Dexec.args=${exec.vmArgs} -classpath %classpath ${exec.mainClass} ${exec.appArgs} -Dexec.executable=C:\Program Files\Java\jdk-18.0.1.1\bin\java.exe -Dexec.mainClass=Sachi.staff.Payments.Ui.fines_collecting -Dexec.classpathScope=runtime -Dexec.appArgs= -Dmaven.ext.class.path=C:\Program Files\NetBeans-14\netbeans\java\maven-nblib\netbeans-eventspy.jar org.codehaus.mojo:exec-maven-plugin:3.0.0:exec
java_class_path (initial): C:\Program Files\NetBeans-14\netbeans\java\maven\boot\plexus-classworlds-2.6.0.jar
Launcher Type: SUN_STANDARD

[Global flags]
     intx CICompilerCount                          = 4                                         {product} {ergonomic}
     uint ConcGCThreads                            = 2                                         {product} {ergonomic}
     uint G1ConcRefinementThreads                  = 8                                         {product} {ergonomic}
   size_t G1HeapRegionSize                         = 1048576                                   {product} {ergonomic}
    uintx GCDrainStackTargetSize                   = 64                                        {product} {ergonomic}
   size_t InitialHeapSize                          = 132120576                                 {product} {ergonomic}
   size_t MarkStackSize                            = 4194304                                   {product} {ergonomic}
   size_t MaxHeapSize                              = 2084569088                                {product} {ergonomic}
   size_t MaxNewSize                               = 1249902592                                {product} {ergonomic}
   size_t MinHeapDeltaBytes                        = 1048576                                   {product} {ergonomic}
   size_t MinHeapSize                              = 8388608                                   {product} {ergonomic}
    uintx NonNMethodCodeHeapSize                   = 5839372                                {pd product} {ergonomic}
    uintx NonProfiledCodeHeapSize                  = 122909434                              {pd product} {ergonomic}
    uintx ProfiledCodeHeapSize                     = 122909434                              {pd product} {ergonomic}
    uintx ReservedCodeCacheSize                    = 251658240                              {pd product} {ergonomic}
     bool SegmentedCodeCache                       = true                                      {product} {ergonomic}
   size_t SoftMaxHeapSize                          = 2084569088                             {manageable} {ergonomic}
     bool UseCompressedClassPointers               = true                           {product lp64_product} {ergonomic}
     bool UseCompressedOops                        = true                           {product lp64_product} {ergonomic}
     bool UseG1GC                                  = true                                      {product} {ergonomic}
     bool UseLargePagesIndividualAllocation        = false                                  {pd product} {ergonomic}

Logging:
Log output configuration:
 #0: stdout all=warning uptime,level,tags foldmultilines=false
 #1: stderr all=off uptime,level,tags foldmultilines=false

Environment Variables:
JAVA_HOME=C:\Program Files\Java\jdk-18.0.1.1
PATH=C:\Program Files\Common Files\Oracle\Java\javapath;C:\WINDOWS\system32;C:\WINDOWS;C:\WINDOWS\System32\Wbem;C:\WINDOWS\System32\WindowsPowerShell\v1.0\;C:\WINDOWS\System32\OpenSSH\;C:\Program Files\Git\cmd;C:\Program Files\Git\bin;C:\src\flutter\bin;C:\Program Files\NetBeans-14\netbeans\java\maven\bin;C:\Users\USER\AppData\Local\Pub\Cache\bin;E:\Projects\Cmis project1\newapp;C:\ProgramData\chocolatey\bin;C:\Program Files\nodejs\;C:\Program Files\Java\jdk-18.0.1.1\bin;C:\Users\USER\AppData\Roaming\npm;C:\Users\USER\AppData\Local\Microsoft\WindowsApps;C:\Users\USER\AppData\Local\Programs\Microsoft VS Code\bin;C:\Users\USER\AppData\Roaming\npm;C:\Users\USER\AppData\Roaming\npm;
USERNAME=USER
OS=Windows_NT
PROCESSOR_IDENTIFIER=Intel64 Family 6 Model 140 Stepping 1, GenuineIntel



---------------  S Y S T E M  ---------------

OS:
 Windows 11 , 64 bit Build 22621 (10.0.22621.3374)
OS uptime: 2 days 20:20 hours

CPU: total 8 (initial active 8) (4 cores per cpu, 2 threads per core) family 6 model 140 stepping 1 microcode 0xac, cx8, cmov, fxsr, ht, mmx, 3dnowpref, sse, sse2, sse3, ssse3, sse4.1, sse4.2, popcnt, lzcnt, tsc, tscinvbit, avx, avx2, aes, erms, clmul, bmi1, bmi2, adx, avx512f, avx512dq, avx512cd, avx512bw, avx512vl, sha, fma, vzeroupper, avx512_vpopcntdq, avx512_vpclmulqdq, avx512_vaes, avx512_vnni, clflush, clflushopt, clwb, avx512_vbmi2, avx512_vbmi

Memory: 4k page, system-wide physical 7948M (1356M free)
TotalPageFile size 14885M (AvailPageFile size 11M)
current process WorkingSet (physical memory assigned to process): 33M, peak: 33M
current process commit charge ("private bytes"): 210M, peak: 210M

vm_info: Java HotSpot(TM) 64-Bit Server VM (18.0.1.1+2-6) for windows-amd64 JRE (18.0.1.1+2-6), built on Apr 25 2022 21:53:15 by "mach5one" with MS VC++ 16.8 / 16.9 (VS2019)

END.
