#
# There is insufficient memory for the Java Runtime Environment to continue.
# Native memory allocation (mmap) failed to map 132120576 bytes for G1 virtual space
# Possible reasons:
#   The system is out of physical RAM or swap space
#   The process is running with CompressedOops enabled, and the Java Heap may be blocking the growth of the native heap
# Possible solutions:
#   Reduce memory load on the system
#   Increase physical memory or swap space
#   Check if swap backing store is full
#   Decrease Java heap size (-Xmx/-Xms)
#   Decrease number of Java threads
#   Decrease Java thread stack sizes (-Xss)
#   Set larger code cache with -XX:ReservedCodeCacheSize=
#   JVM is running with Unscaled Compressed Oops mode in which the Java heap is
#     placed in the first 4GB address space. The Java Heap base address is the
#     maximum limit for the native heap growth. Please use -XX:HeapBaseMinAddress
#     to set the Java Heap base and to place the Java Heap above 4GB virtual address.
# This output file may be truncated or incomplete.
#
#  Out of Memory Error (os_windows.cpp:3530), pid=6260, tid=30028
#
# JRE version:  (18.0.1.1+2) (build )
# Java VM: Java HotSpot(TM) 64-Bit Server VM (18.0.1.1+2-6, mixed mode, sharing, tiered, compressed oops, compressed class ptrs, g1 gc, windows-amd64)
# No core dump will be written. Minidumps are not enabled by default on client versions of Windows
#

---------------  S U M M A R Y ------------

Command Line: Reports.Reports_Admin

Host: 11th Gen Intel(R) Core(TM) i5-1135G7 @ 2.40GHz, 8 cores, 7G,  Windows 11 , 64 bit Build 22621 (10.0.22621.3374)
Time: Sat Aug  3 14:51:31 2024 Sri Lanka Standard Time elapsed time: 0.136162 seconds (0d 0h 0m 0s)

---------------  T H R E A D  ---------------

Current thread (0x0000026f24eca420):  JavaThread "Unknown thread" [_thread_in_vm, id=30028, stack(0x000000a0a8100000,0x000000a0a8200000)]

Stack: [0x000000a0a8100000,0x000000a0a8200000]
Native frames: (J=compiled Java code, j=interpreted, Vv=VM code, C=native code)
V  [jvm.dll+0x69887a]
V  [jvm.dll+0x7f38bd]
V  [jvm.dll+0x7f51ce]
V  [jvm.dll+0x7f5883]
V  [jvm.dll+0x25ca3f]
V  [jvm.dll+0x6957c9]
V  [jvm.dll+0x68a2fa]
V  [jvm.dll+0x321efb]
V  [jvm.dll+0x3298d6]
V  [jvm.dll+0x37e47e]
V  [jvm.dll+0x37e6af]
V  [jvm.dll+0x2f9c7a]
V  [jvm.dll+0x2facdd]
V  [jvm.dll+0x7c24f0]
V  [jvm.dll+0x38b801]
V  [jvm.dll+0x7a1203]
V  [jvm.dll+0x40d6bf]
V  [jvm.dll+0x40f091]
C  [jli.dll+0x526b]
C  [ucrtbase.dll+0x29333]
C  [KERNEL32.DLL+0x1257d]
C  [ntdll.dll+0x5aa48]


---------------  P R O C E S S  ---------------

Threads class SMR info:
_java_thread_list=0x00007ffd9c18d550, length=0, elements={
}

Java Threads: ( => current thread )

Other Threads:
  0x0000026f24f2ac90 WorkerThread "GC Thread#0" [stack: 0x000000a0a8200000,0x000000a0a8300000] [id=6452]
  0x0000026f24f3b440 ConcurrentGCThread "G1 Main Marker" [stack: 0x000000a0a8300000,0x000000a0a8400000] [id=33264]
  0x0000026f24f3ce40 WorkerThread "G1 Conc#0" [stack: 0x000000a0a8400000,0x000000a0a8500000] [id=26724]

[error occurred during error reporting (printing all threads), id 0xc0000005, EXCEPTION_ACCESS_VIOLATION (0xc0000005) at pc=0x00007ffd9b9ba217]

VM state: not at safepoint (not fully initialized)

VM Mutex/Monitor currently owned by a thread:  ([mutex/lock_event])
[0x0000026f24ec6780] Heap_lock - owner thread: 0x0000026f24eca420

Heap address: 0x0000000083c00000, size: 1988 MB, Compressed Oops mode: 32-bit

CDS archive(s) mapped at: [0x0000000000000000-0x0000000000000000-0x0000000000000000), size 0, SharedBaseAddress: 0x0000000800000000, ArchiveRelocationMode: 0.
Narrow klass base: 0x0000000000000000, Narrow klass shift: 0, Narrow klass range: 0x0

GC Precious Log:
 CardTable entry size: 512
 Card Set container configuration: InlinePtr #cards 5 size 8 Array Of Cards #cards 12 size 40 Howl #buckets 4 coarsen threshold 1843 Howl Bitmap #cards 512 size 80 coarsen threshold 460 Card regions per heap region 1 cards per card region 2048

Heap:
 garbage-first heap   total 0K, used 0K [0x0000000083c00000, 0x0000000100000000)
  region size 1024K, 0 young (0K), 0 survivors (0K)

[error occurred during error reporting (printing heap information), id 0xc0000005, EXCEPTION_ACCESS_VIOLATION (0xc0000005) at pc=0x00007ffd9bda0cb9]

GC Heap History (0 events):
No events

Deoptimization events (0 events):
No events

Classes loaded (0 events):
No events

Classes unloaded (0 events):
No events

Classes redefined (0 events):
No events

Internal exceptions (0 events):
No events

VM Operations (0 events):
No events

Events (1 events):
Event: 0.006 Loaded shared library C:\Program Files\Java\jdk-18.0.1.1\bin\java.dll


Dynamic libraries:
0x00007ff6415f0000 - 0x00007ff641600000 	C:\Program Files\Java\jdk-18.0.1.1\bin\java.exe
0x00007ffe29410000 - 0x00007ffe29626000 	C:\WINDOWS\SYSTEM32\ntdll.dll
0x00007ffe28320000 - 0x00007ffe283e4000 	C:\WINDOWS\System32\KERNEL32.DLL
0x00007ffe26c20000 - 0x00007ffe26fc7000 	C:\WINDOWS\System32\KERNELBASE.dll
0x00007ffe26840000 - 0x00007ffe26951000 	C:\WINDOWS\System32\ucrtbase.dll
0x00007ffdcf870000 - 0x00007ffdcf88a000 	C:\Program Files\Java\jdk-18.0.1.1\bin\VCRUNTIME140.dll
0x00007ffe07b70000 - 0x00007ffe07b88000 	C:\Program Files\Java\jdk-18.0.1.1\bin\jli.dll
0x00007ffe284b0000 - 0x00007ffe28562000 	C:\WINDOWS\System32\ADVAPI32.dll
0x00007ffe28400000 - 0x00007ffe284a7000 	C:\WINDOWS\System32\msvcrt.dll
0x00007ffe28250000 - 0x00007ffe282f8000 	C:\WINDOWS\System32\sechost.dll
0x00007ffe26990000 - 0x00007ffe269b8000 	C:\WINDOWS\System32\bcrypt.dll
0x00007ffe28fe0000 - 0x00007ffe290f5000 	C:\WINDOWS\System32\RPCRT4.dll
0x00007ffe29110000 - 0x00007ffe292be000 	C:\WINDOWS\System32\USER32.dll
0x00007ffe26960000 - 0x00007ffe26986000 	C:\WINDOWS\System32\win32u.dll
0x00007ffe0b640000 - 0x00007ffe0b8d3000 	C:\WINDOWS\WinSxS\amd64_microsoft.windows.common-controls_6595b64144ccf1df_6.0.22621.3235_none_270f74e173860f98\COMCTL32.dll
0x00007ffe288c0000 - 0x00007ffe288e9000 	C:\WINDOWS\System32\GDI32.dll
0x00007ffe269c0000 - 0x00007ffe26ad9000 	C:\WINDOWS\System32\gdi32full.dll
0x00007ffe267a0000 - 0x00007ffe2683a000 	C:\WINDOWS\System32\msvcp_win.dll
0x00007ffe1e180000 - 0x00007ffe1e18a000 	C:\WINDOWS\SYSTEM32\VERSION.dll
0x00007ffe29330000 - 0x00007ffe29361000 	C:\WINDOWS\System32\IMM32.DLL
0x00007ffe19f00000 - 0x00007ffe19f0c000 	C:\Program Files\Java\jdk-18.0.1.1\bin\vcruntime140_1.dll
0x00007ffd9b620000 - 0x00007ffd9b6ad000 	C:\Program Files\Java\jdk-18.0.1.1\bin\msvcp140.dll
0x00007ffd9b6b0000 - 0x00007ffd9c2c0000 	C:\Program Files\Java\jdk-18.0.1.1\bin\server\jvm.dll
0x00007ffe29320000 - 0x00007ffe29328000 	C:\WINDOWS\System32\PSAPI.DLL
0x00007ffe1ea10000 - 0x00007ffe1ea44000 	C:\WINDOWS\SYSTEM32\WINMM.dll
0x00007ffe0ed50000 - 0x00007ffe0ed59000 	C:\WINDOWS\SYSTEM32\WSOCK32.dll
0x00007ffe28e00000 - 0x00007ffe28e71000 	C:\WINDOWS\System32\WS2_32.dll
0x00007ffe25770000 - 0x00007ffe25788000 	C:\WINDOWS\SYSTEM32\kernel.appcore.dll
0x00007ffdec4b0000 - 0x00007ffdec4ba000 	C:\Program Files\Java\jdk-18.0.1.1\bin\jimage.dll
0x00007ffe23fc0000 - 0x00007ffe241f3000 	C:\WINDOWS\SYSTEM32\DBGHELP.DLL
0x00007ffe27b20000 - 0x00007ffe27ea8000 	C:\WINDOWS\System32\combase.dll
0x00007ffe28670000 - 0x00007ffe28747000 	C:\WINDOWS\System32\OLEAUT32.dll
0x00007ffe02ea0000 - 0x00007ffe02ed2000 	C:\WINDOWS\SYSTEM32\dbgcore.DLL
0x00007ffe26ba0000 - 0x00007ffe26c19000 	C:\WINDOWS\System32\bcryptPrimitives.dll
0x00007ffdcf840000 - 0x00007ffdcf865000 	C:\Program Files\Java\jdk-18.0.1.1\bin\java.dll

dbghelp: loaded successfully - version: 4.0.5 - missing functions: none
symbol engine: initialized successfully - sym options: 0x614 - pdb path: .;C:\Program Files\Java\jdk-18.0.1.1\bin;C:\WINDOWS\SYSTEM32;C:\WINDOWS\WinSxS\amd64_microsoft.windows.common-controls_6595b64144ccf1df_6.0.22621.3235_none_270f74e173860f98;C:\Program Files\Java\jdk-18.0.1.1\bin\server

VM Arguments:
java_command: Reports.Reports_Admin
java_class_path (initial): E:\Projects\Imgt project1(libdbms)\Interfaces\Dtabase\Library Management System\Library Management System\target\classes;C:\Users\USER\.m2\repository\io\github\lzh0379\jdatepicker\2.0.3\jdatepicker-2.0.3.jar;C:\Users\USER\.m2\repository\org\idk\RojeruSan\1.0.0\RojeruSan-1.0.0.jar;C:\Users\USER\.m2\repository\org\idk\RSCalendar\1.0.0\RSCalendar-1.0.0.jar;C:\Users\USER\.m2\repository\org\idk\RSFoto\1.0.0\RSFoto-1.0.0.jar;C:\Users\USER\.m2\repository\org\idk\RSTableMetro\1.0.0\RSTableMetro-1.0.0.jar;C:\Users\USER\.m2\repository\com\mysql\mysql-connector-j\8.4.0\mysql-connector-j-8.4.0.jar;C:\Users\USER\.m2\repository\com\google\protobuf\protobuf-java\3.25.1\protobuf-java-3.25.1.jar;C:\Users\USER\.m2\repository\org\apache\poi\poi\4.1.2\poi-4.1.2.jar;C:\Users\USER\.m2\repository\commons-codec\commons-codec\1.13\commons-codec-1.13.jar;C:\Users\USER\.m2\repository\org\apache\commons\commons-collections4\4.4\commons-collections4-4.4.jar;C:\Users\USER\.m2\repository\org\apache\commons\commons-math3\3.6.1\commons-math3-3.6.1.jar;C:\Users\USER\.m2\repository\com\zaxxer\SparseBitSet\1.2\SparseBitSet-1.2.jar;C:\Users\USER\.m2\repository\org\apache\poi\poi-ooxml\4.1.2\poi-ooxml-4.1.2.jar;C:\Users\USER\.m2\repository\org\apache\poi\poi-ooxml-schemas\4.1.2\poi-ooxml-schemas-4.1.2.jar;C:\Users\USER\.m2\repository\org\apache\xmlbeans\xmlbeans\3.1.0\xmlbeans-3.1.0.jar;C:\Users\USER\.m2\repository\org\apache\commons\commons-compress\1.19\commons-compress-1.19.jar;C:\Users\USER\.m2\repository\com\github\virtuald\curvesapi\1.06\curvesapi-1.06.jar;C:\Users\USER\.m2\repository\javax\mail\javax.mail-api\1.6.2\javax.mail-api-1.6.2.jar;C:\Users\USER\.m2\repository\org\apache\pdfbox\pdfbox\3.0.2\pdfbox-3.0.2.jar;C:\Users\USER\.m2\repository\org\apache\pdfbox\pdfbox-io\3.0.2\pdfbox-io-3.0.2.jar;C:\Users\USER\.m2\repository\org\apache\pdfbox\fontbox\3.0.2\fontbox-3.0.2.jar;C:\Users\USER\.m2\repository\commons-logging\commons-logging\1.3.0\commons-logging-1.3.0.jar;C:\Users\USER\.m2\repository\net\sf\jasperreports\jasperreports\6.21.0\jasperreports-6.21.0.jar;C:\Users\USER\.m2\repository\commons-beanutils\commons-beanutils\1.9.4\commons-beanutils-1.9.4.jar;C:\Users\USER\.m2\repository\commons-collections\commons-collections\3.2.2\commons-collections-3.2.2.jar;C:\Users\USER\.m2\repository\commons-digester\commons-digester\2.1\commons-digester-2.1.jar;C:\Users\USER\.m2\repository\com\github\librepdf\openpdf\1.3.30.jaspersoft.3\openpdf-1.3.30.jaspersoft.3.jar;C:\Users\USER\.m2\repository\org\jfree\jcommon\1.0.23\jcommon-1.0.23.jar;C:\Users\USER\.m2\repository\org\jfree\jfreechart\1.0.19\jfreechart-1.0.19.jar;C:\Users\USER\.m2\repository\org\eclipse\jdt\ecj\3.21.0\ecj-3.21.0.jar;C:\Users\USER\.m2\repository\com\fasterxml\jackson\core\jackson-core\2.15.3\jackson-core-2.15.3.jar;C:\Users\USER\.m2\repository\com\fasterxml\jackson\core\jackson-databind\2.15.3\jackson-databind-2.15.3.jar;C:\Users\USER\.m2\repository\com\fasterxml\jackson\core\jackson-annotations\2.15.3\jackson-annotations-2.15.3.jar;C:\Users\USER\.m2\repository\com\fasterxml\jackson\dataformat\jackson-dataformat-xml\2.15.3\jackson-dataformat-xml-2.15.3.jar;C:\Users\USER\.m2\repository\org\codehaus\woodstox\stax2-api\4.2.1\stax2-api-4.2.1.jar;C:\Users\USER\.m2\repository\com\fasterxml\woodstox\woodstox-core\6.5.1\woodstox-core-6.5.1.jar;C:\Users\USER\.m2\repository\net\sf\jasperreports\jasperreports-fonts\6.21.0\jasperreports-fonts-6.21.0.jar;C:\Users\USER\.m2\repository\net\sf\jasperreports\jasperreports-javaflow\6.21.0\jasperreports-javaflow-6.21.0.jar;C:\Users\USER\.m2\repository\net\tascalate\javaflow\net.tascalate.javaflow.api\2.7.3\net.tascalate.javaflow.api-2.7.3.jar;C:\Users\USER\.m2\repository\org\slf4j\slf4j-api\1.8.0-beta4\slf4j-api-1.8.0-beta4.jar
Launcher Type: SUN_STANDARD

[Global flags]
     intx CICompilerCount                          = 4                                         {product} {ergonomic}
     uint ConcGCThreads                            = 2                                         {product} {ergonomic}
     uint G1ConcRefinementThreads                  = 8                                         {product} {ergonomic}
   size_t G1HeapRegionSize                         = 1048576                                   {product} {ergonomic}
    uintx GCDrainStackTargetSize                   = 64                                        {product} {ergonomic}
   size_t InitialHeapSize                          = 132120576                                 {product} {ergonomic}
   size_t MarkStackSize                            = 4194304                                   {product} {ergonomic}
   size_t MaxHeapSize                              = 2084569088                                {product} {ergonomic}
   size_t MinHeapDeltaBytes                        = 1048576                                   {product} {ergonomic}
   size_t MinHeapSize                              = 8388608                                   {product} {ergonomic}
    uintx NonNMethodCodeHeapSize                   = 5839372                                {pd product} {ergonomic}
    uintx NonProfiledCodeHeapSize                  = 122909434                              {pd product} {ergonomic}
    uintx ProfiledCodeHeapSize                     = 122909434                              {pd product} {ergonomic}
    uintx ReservedCodeCacheSize                    = 251658240                              {pd product} {ergonomic}
     bool SegmentedCodeCache                       = true                                      {product} {ergonomic}
   size_t SoftMaxHeapSize                          = 2084569088                             {manageable} {ergonomic}
     bool UseCompressedClassPointers               = true                           {product lp64_product} {ergonomic}
     bool UseCompressedOops                        = true                           {product lp64_product} {ergonomic}
     bool UseG1GC                                  = true                                      {product} {ergonomic}
     bool UseLargePagesIndividualAllocation        = false                                  {pd product} {ergonomic}

Logging:
Log output configuration:
 #0: stdout all=warning uptime,level,tags foldmultilines=false
 #1: stderr all=off uptime,level,tags foldmultilines=false

Environment Variables:
JAVA_HOME=C:\Program Files\Java\jdk-18.0.1.1
PATH=C:\Program Files\Common Files\Oracle\Java\javapath;C:\WINDOWS\system32;C:\WINDOWS;C:\WINDOWS\System32\Wbem;C:\WINDOWS\System32\WindowsPowerShell\v1.0\;C:\WINDOWS\System32\OpenSSH\;C:\Program Files\Git\cmd;C:\Program Files\Git\bin;C:\src\flutter\bin;C:\Program Files\NetBeans-14\netbeans\java\maven\bin;C:\Users\USER\AppData\Local\Pub\Cache\bin;E:\Projects\Cmis project1\newapp;C:\ProgramData\chocolatey\bin;C:\Program Files\nodejs\;C:\Program Files\Java\jdk-18.0.1.1\bin;C:\Users\USER\AppData\Roaming\npm;C:\Users\USER\AppData\Local\Microsoft\WindowsApps;C:\Users\USER\AppData\Local\Programs\Microsoft VS Code\bin;C:\Users\USER\AppData\Roaming\npm;C:\Users\USER\AppData\Roaming\npm;
USERNAME=USER
OS=Windows_NT
PROCESSOR_IDENTIFIER=Intel64 Family 6 Model 140 Stepping 1, GenuineIntel



---------------  S Y S T E M  ---------------

OS:
 Windows 11 , 64 bit Build 22621 (10.0.22621.3374)
OS uptime: 11 days 21:37 hours

CPU: total 8 (initial active 8) (4 cores per cpu, 2 threads per core) family 6 model 140 stepping 1 microcode 0xac, cx8, cmov, fxsr, ht, mmx, 3dnowpref, sse, sse2, sse3, ssse3, sse4.1, sse4.2, popcnt, lzcnt, tsc, tscinvbit, avx, avx2, aes, erms, clmul, bmi1, bmi2, adx, avx512f, avx512dq, avx512cd, avx512bw, avx512vl, sha, fma, vzeroupper, avx512_vpopcntdq, avx512_vpclmulqdq, avx512_vaes, avx512_vnni, clflush, clflushopt, clwb, avx512_vbmi2, avx512_vbmi

Memory: 4k page, system-wide physical 7948M (612M free)
TotalPageFile size 13661M (AvailPageFile size 103M)
current process WorkingSet (physical memory assigned to process): 11M, peak: 11M
current process commit charge ("private bytes"): 60M, peak: 186M

vm_info: Java HotSpot(TM) 64-Bit Server VM (18.0.1.1+2-6) for windows-amd64 JRE (18.0.1.1+2-6), built on Apr 25 2022 21:53:15 by "mach5one" with MS VC++ 16.8 / 16.9 (VS2019)

END.
